build/app/intermediates/manifest_merge_blame_file/release/processReleaseMainManifest/manifest-merger-blame-release-report.txt
1<?xml version="1.0" encoding="utf-8"?>
2<manifest xmlns:android="http://schemas.android.com/apk/res/android"
3    package="com.example.watchhub"
4    android:versionCode="1"
5    android:versionName="1.0.0" >
6
7    <uses-sdk
8        android:minSdkVersion="24"
9        android:targetSdkVersion="36" />
10    <!-- Internet permission for Firebase and network requests -->
11    <uses-permission android:name="android.permission.INTERNET" />
11-->src\main\AndroidManifest.xml:3:5-67
11-->src\main\AndroidManifest.xml:3:22-64
12    <uses-permission android:name="android.permission.ACCESS_NETWORK_STATE" />
12-->src\main\AndroidManifest.xml:4:5-79
12-->src\main\AndroidManifest.xml:4:22-76
13    <!--
14         Required to query activities that can process text, see:
15         https://developer.android.com/training/package-visibility and
16         https://developer.android.com/reference/android/content/Intent#ACTION_PROCESS_TEXT.
17
18         In particular, this is used by the Flutter engine in io.flutter.plugin.text.ProcessTextPlugin.
19    -->
20    <queries>
20-->src\main\AndroidManifest.xml:43:5-48:15
21        <intent>
21-->src\main\AndroidManifest.xml:44:9-47:18
22            <action android:name="android.intent.action.PROCESS_TEXT" />
22-->src\main\AndroidManifest.xml:45:13-72
22-->src\main\AndroidManifest.xml:45:21-70
23
24            <data android:mimeType="text/plain" />
24-->src\main\AndroidManifest.xml:46:13-50
24-->src\main\AndroidManifest.xml:46:19-48
25        </intent>
26        <!-- Added to check the default browser that will host the AuthFlow. -->
27        <intent>
27-->[com.stripe:financial-connections:20.44.2] AndroidManifest.xml:13:9-17:18
28            <action android:name="android.intent.action.VIEW" />
28-->[com.stripe:financial-connections:20.44.2] AndroidManifest.xml:14:13-65
28-->[com.stripe:financial-connections:20.44.2] AndroidManifest.xml:14:21-62
29
30            <data android:scheme="http" />
30-->src\main\AndroidManifest.xml:46:13-50
31        </intent> <!-- Added to check if Chrome is installed for browser-based payment authentication (e.g. 3DS1). -->
32        <package android:name="com.android.chrome" /> <!-- Needs to be explicitly declared on Android R+ -->
32-->[com.stripe:payments-core:20.44.2] AndroidManifest.xml:11:9-54
32-->[com.stripe:payments-core:20.44.2] AndroidManifest.xml:11:18-51
33        <package android:name="com.google.android.apps.maps" />
33-->[com.google.android.gms:play-services-maps:18.0.2] AndroidManifest.xml:33:9-64
33-->[com.google.android.gms:play-services-maps:18.0.2] AndroidManifest.xml:33:18-61
34    </queries>
35
36    <uses-permission android:name="android.permission.WAKE_LOCK" /> <!-- Permissions options for the `notification` group -->
36-->[:firebase_messaging] AndroidManifest.xml:8:5-68
36-->[:firebase_messaging] AndroidManifest.xml:8:22-65
37    <uses-permission android:name="android.permission.POST_NOTIFICATIONS" />
37-->[:firebase_messaging] AndroidManifest.xml:11:5-77
37-->[:firebase_messaging] AndroidManifest.xml:11:22-74
38    <uses-permission android:name="android.permission.VIBRATE" /> <!-- Required by older versions of Google Play services to create IID tokens -->
38-->[:flutter_local_notifications] AndroidManifest.xml:7:5-66
38-->[:flutter_local_notifications] AndroidManifest.xml:7:22-63
39    <uses-permission android:name="com.google.android.c2dm.permission.RECEIVE" />
39-->[com.google.firebase:firebase-messaging:24.1.2] AndroidManifest.xml:26:5-82
39-->[com.google.firebase:firebase-messaging:24.1.2] AndroidManifest.xml:26:22-79
40    <uses-permission android:name="com.google.android.providers.gsf.permission.READ_GSERVICES" />
40-->[com.google.android.recaptcha:recaptcha:18.6.1] AndroidManifest.xml:9:5-98
40-->[com.google.android.recaptcha:recaptcha:18.6.1] AndroidManifest.xml:9:22-95
41
42    <uses-feature
42-->[com.google.android.gms:play-services-maps:18.0.2] AndroidManifest.xml:26:5-28:35
43        android:glEsVersion="0x00020000"
43-->[com.google.android.gms:play-services-maps:18.0.2] AndroidManifest.xml:27:9-41
44        android:required="true" />
44-->[com.google.android.gms:play-services-maps:18.0.2] AndroidManifest.xml:28:9-32
45
46    <permission
46-->[androidx.core:core:1.17.0] AndroidManifest.xml:22:5-24:47
47        android:name="com.example.watchhub.DYNAMIC_RECEIVER_NOT_EXPORTED_PERMISSION"
47-->[androidx.core:core:1.17.0] AndroidManifest.xml:23:9-81
48        android:protectionLevel="signature" />
48-->[androidx.core:core:1.17.0] AndroidManifest.xml:24:9-44
49
50    <uses-permission android:name="com.example.watchhub.DYNAMIC_RECEIVER_NOT_EXPORTED_PERMISSION" />
50-->[androidx.core:core:1.17.0] AndroidManifest.xml:26:5-97
50-->[androidx.core:core:1.17.0] AndroidManifest.xml:26:22-94
51
52    <application
53        android:name="android.app.Application"
53-->src\main\AndroidManifest.xml:8:9-42
54        android:appComponentFactory="androidx.core.app.CoreComponentFactory"
54-->[androidx.core:core:1.17.0] AndroidManifest.xml:28:18-86
55        android:extractNativeLibs="false"
56        android:icon="@mipmap/ic_launcher"
56-->src\main\AndroidManifest.xml:9:9-43
57        android:label="watchhub" >
57-->src\main\AndroidManifest.xml:7:9-33
58        <activity
58-->src\main\AndroidManifest.xml:10:9-31:20
59            android:name="com.example.watchhub.MainActivity"
59-->src\main\AndroidManifest.xml:11:13-41
60            android:configChanges="orientation|keyboardHidden|keyboard|screenSize|smallestScreenSize|locale|layoutDirection|fontScale|screenLayout|density|uiMode"
60-->src\main\AndroidManifest.xml:16:13-163
61            android:exported="true"
61-->src\main\AndroidManifest.xml:12:13-36
62            android:hardwareAccelerated="true"
62-->src\main\AndroidManifest.xml:17:13-47
63            android:launchMode="singleTop"
63-->src\main\AndroidManifest.xml:13:13-43
64            android:taskAffinity=""
64-->src\main\AndroidManifest.xml:14:13-36
65            android:theme="@style/LaunchTheme"
65-->src\main\AndroidManifest.xml:15:13-47
66            android:windowSoftInputMode="adjustResize" >
66-->src\main\AndroidManifest.xml:18:13-55
67
68            <!--
69                 Specifies an Android theme to apply to this Activity as soon as
70                 the Android process has started. This theme is visible to the user
71                 while the Flutter UI initializes. After that, this theme continues
72                 to determine the Window background behind the Flutter UI.
73            -->
74            <meta-data
74-->src\main\AndroidManifest.xml:23:13-26:17
75                android:name="io.flutter.embedding.android.NormalTheme"
75-->src\main\AndroidManifest.xml:24:15-70
76                android:resource="@style/NormalTheme" />
76-->src\main\AndroidManifest.xml:25:15-52
77
78            <intent-filter>
78-->src\main\AndroidManifest.xml:27:13-30:29
79                <action android:name="android.intent.action.MAIN" />
79-->src\main\AndroidManifest.xml:28:17-68
79-->src\main\AndroidManifest.xml:28:25-66
80
81                <category android:name="android.intent.category.LAUNCHER" />
81-->src\main\AndroidManifest.xml:29:17-76
81-->src\main\AndroidManifest.xml:29:27-74
82            </intent-filter>
83        </activity>
84        <!--
85             Don't delete the meta-data below.
86             This is used by the Flutter tool to generate GeneratedPluginRegistrant.java
87        -->
88        <meta-data
88-->src\main\AndroidManifest.xml:34:9-36:33
89            android:name="flutterEmbedding"
89-->src\main\AndroidManifest.xml:35:13-44
90            android:value="2" />
90-->src\main\AndroidManifest.xml:36:13-30
91
92        <provider
92-->[:image_picker_android] AndroidManifest.xml:9:9-17:20
93            android:name="io.flutter.plugins.imagepicker.ImagePickerFileProvider"
93-->[:image_picker_android] AndroidManifest.xml:10:13-82
94            android:authorities="com.example.watchhub.flutter.image_provider"
94-->[:image_picker_android] AndroidManifest.xml:11:13-74
95            android:exported="false"
95-->[:image_picker_android] AndroidManifest.xml:12:13-37
96            android:grantUriPermissions="true" >
96-->[:image_picker_android] AndroidManifest.xml:13:13-47
97            <meta-data
97-->[:image_picker_android] AndroidManifest.xml:14:13-16:75
98                android:name="android.support.FILE_PROVIDER_PATHS"
98-->[:image_picker_android] AndroidManifest.xml:15:17-67
99                android:resource="@xml/flutter_image_picker_file_paths" />
99-->[:image_picker_android] AndroidManifest.xml:16:17-72
100        </provider> <!-- Trigger Google Play services to install the backported photo picker module. -->
101        <service
101-->[:image_picker_android] AndroidManifest.xml:19:9-31:19
102            android:name="com.google.android.gms.metadata.ModuleDependencies"
102-->[:image_picker_android] AndroidManifest.xml:20:13-78
103            android:enabled="false"
103-->[:image_picker_android] AndroidManifest.xml:21:13-36
104            android:exported="false" >
104-->[:image_picker_android] AndroidManifest.xml:22:13-37
105            <intent-filter>
105-->[:image_picker_android] AndroidManifest.xml:24:13-26:29
106                <action android:name="com.google.android.gms.metadata.MODULE_DEPENDENCIES" />
106-->[:image_picker_android] AndroidManifest.xml:25:17-94
106-->[:image_picker_android] AndroidManifest.xml:25:25-91
107            </intent-filter>
108
109            <meta-data
109-->[:image_picker_android] AndroidManifest.xml:28:13-30:36
110                android:name="photopicker_activity:0:required"
110-->[:image_picker_android] AndroidManifest.xml:29:17-63
111                android:value="" />
111-->[:image_picker_android] AndroidManifest.xml:30:17-33
112        </service>
113
114        <activity
114-->[:url_launcher_android] AndroidManifest.xml:8:9-11:74
115            android:name="io.flutter.plugins.urllauncher.WebViewActivity"
115-->[:url_launcher_android] AndroidManifest.xml:9:13-74
116            android:exported="false"
116-->[:url_launcher_android] AndroidManifest.xml:10:13-37
117            android:theme="@android:style/Theme.NoTitleBar.Fullscreen" />
117-->[:url_launcher_android] AndroidManifest.xml:11:13-71
118        <activity
118-->[com.stripe:financial-connections:20.44.2] AndroidManifest.xml:21:9-65:20
119            android:name="com.stripe.android.financialconnections.FinancialConnectionsSheetRedirectActivity"
119-->[com.stripe:financial-connections:20.44.2] AndroidManifest.xml:22:13-109
120            android:exported="true"
120-->[com.stripe:financial-connections:20.44.2] AndroidManifest.xml:23:13-36
121            android:launchMode="singleTask" >
121-->[com.stripe:financial-connections:20.44.2] AndroidManifest.xml:24:13-44
122            <intent-filter>
122-->[com.stripe:financial-connections:20.44.2] AndroidManifest.xml:25:13-64:29
123                <action android:name="android.intent.action.VIEW" />
123-->[com.stripe:financial-connections:20.44.2] AndroidManifest.xml:14:13-65
123-->[com.stripe:financial-connections:20.44.2] AndroidManifest.xml:14:21-62
124
125                <category android:name="android.intent.category.DEFAULT" />
125-->[com.stripe:financial-connections:20.44.2] AndroidManifest.xml:28:17-76
125-->[com.stripe:financial-connections:20.44.2] AndroidManifest.xml:28:27-73
126                <category android:name="android.intent.category.BROWSABLE" />
126-->[com.stripe:financial-connections:20.44.2] AndroidManifest.xml:29:17-78
126-->[com.stripe:financial-connections:20.44.2] AndroidManifest.xml:29:27-75
127
128                <!-- Returning from app2app: return_url is triggered to reopen web AuthFlow and poll accounts. -->
129                <data
129-->src\main\AndroidManifest.xml:46:13-50
130                    android:host="link-accounts"
131                    android:pathPrefix="/com.example.watchhub/authentication_return"
132                    android:scheme="stripe-auth" />
133
134                <!-- Returning from app2app: return_url is triggered to reopen native AuthFlow and poll accounts. -->
135                <data
135-->src\main\AndroidManifest.xml:46:13-50
136                    android:host="link-native-accounts"
137                    android:pathPrefix="/com.example.watchhub/authentication_return"
138                    android:scheme="stripe-auth" />
139
140                <!-- End of web AuthFlow success and cancel URIs that begin with "stripe-auth://link-accounts/{app-id}/...” -->
141                <data
141-->src\main\AndroidManifest.xml:46:13-50
142                    android:host="link-accounts"
143                    android:path="/com.example.watchhub/success"
144                    android:scheme="stripe-auth" />
145                <data
145-->src\main\AndroidManifest.xml:46:13-50
146                    android:host="link-accounts"
147                    android:path="/com.example.watchhub/cancel"
148                    android:scheme="stripe-auth" />
149
150                <!-- Opening app2app: Web flow triggers stripe-auth://native-redirect/{app-id}/http://web-that-redirects-to-native -->
151                <data
151-->src\main\AndroidManifest.xml:46:13-50
152                    android:host="native-redirect"
153                    android:pathPrefix="/com.example.watchhub"
154                    android:scheme="stripe-auth" />
155
156                <!-- Accepts success/cancel/fail URIs that begin with "stripe://auth-redirect” -->
157                <data
157-->src\main\AndroidManifest.xml:46:13-50
158                    android:host="auth-redirect"
159                    android:pathPrefix="/com.example.watchhub"
160                    android:scheme="stripe" />
161            </intent-filter>
162        </activity>
163        <activity
163-->[com.stripe:financial-connections:20.44.2] AndroidManifest.xml:66:9-69:77
164            android:name="com.stripe.android.financialconnections.FinancialConnectionsSheetActivity"
164-->[com.stripe:financial-connections:20.44.2] AndroidManifest.xml:67:13-101
165            android:exported="false"
165-->[com.stripe:financial-connections:20.44.2] AndroidManifest.xml:68:13-37
166            android:theme="@style/StripeFinancialConnectionsDefaultTheme" />
166-->[com.stripe:financial-connections:20.44.2] AndroidManifest.xml:69:13-74
167        <activity
167-->[com.stripe:financial-connections:20.44.2] AndroidManifest.xml:70:9-74:58
168            android:name="com.stripe.android.financialconnections.ui.FinancialConnectionsSheetNativeActivity"
168-->[com.stripe:financial-connections:20.44.2] AndroidManifest.xml:71:13-110
169            android:exported="false"
169-->[com.stripe:financial-connections:20.44.2] AndroidManifest.xml:72:13-37
170            android:theme="@style/StripeFinancialConnectionsDefaultTheme"
170-->[com.stripe:financial-connections:20.44.2] AndroidManifest.xml:73:13-74
171            android:windowSoftInputMode="adjustResize" />
171-->[com.stripe:financial-connections:20.44.2] AndroidManifest.xml:74:13-55
172
173        <service
173-->[:firebase_auth] AndroidManifest.xml:8:9-12:19
174            android:name="com.google.firebase.components.ComponentDiscoveryService"
174-->[:firebase_auth] AndroidManifest.xml:8:18-89
175            android:directBootAware="true"
175-->[com.google.firebase:firebase-common:21.0.0] AndroidManifest.xml:32:13-43
176            android:exported="false" >
176-->[com.google.firebase:firebase-auth:23.2.1] AndroidManifest.xml:68:13-37
177            <meta-data
177-->[:firebase_auth] AndroidManifest.xml:9:13-11:85
178                android:name="com.google.firebase.components:io.flutter.plugins.firebase.auth.FlutterFirebaseAuthRegistrar"
178-->[:firebase_auth] AndroidManifest.xml:10:17-124
179                android:value="com.google.firebase.components.ComponentRegistrar" />
179-->[:firebase_auth] AndroidManifest.xml:11:17-82
180            <meta-data
180-->[:cloud_firestore] AndroidManifest.xml:9:13-11:85
181                android:name="com.google.firebase.components:io.flutter.plugins.firebase.firestore.FlutterFirebaseFirestoreRegistrar"
181-->[:cloud_firestore] AndroidManifest.xml:10:17-134
182                android:value="com.google.firebase.components.ComponentRegistrar" />
182-->[:cloud_firestore] AndroidManifest.xml:11:17-82
183            <meta-data
183-->[:firebase_messaging] AndroidManifest.xml:36:13-38:85
184                android:name="com.google.firebase.components:io.flutter.plugins.firebase.messaging.FlutterFirebaseAppRegistrar"
184-->[:firebase_messaging] AndroidManifest.xml:37:17-128
185                android:value="com.google.firebase.components.ComponentRegistrar" />
185-->[:firebase_messaging] AndroidManifest.xml:38:17-82
186            <meta-data
186-->[:firebase_storage] AndroidManifest.xml:9:13-11:85
187                android:name="com.google.firebase.components:io.flutter.plugins.firebase.storage.FlutterFirebaseAppRegistrar"
187-->[:firebase_storage] AndroidManifest.xml:10:17-126
188                android:value="com.google.firebase.components.ComponentRegistrar" />
188-->[:firebase_storage] AndroidManifest.xml:11:17-82
189            <meta-data
189-->[:firebase_core] AndroidManifest.xml:9:13-11:85
190                android:name="com.google.firebase.components:io.flutter.plugins.firebase.core.FlutterFirebaseCoreRegistrar"
190-->[:firebase_core] AndroidManifest.xml:10:17-124
191                android:value="com.google.firebase.components.ComponentRegistrar" />
191-->[:firebase_core] AndroidManifest.xml:11:17-82
192            <meta-data
192-->[com.google.firebase:firebase-auth:23.2.1] AndroidManifest.xml:69:13-71:85
193                android:name="com.google.firebase.components:com.google.firebase.auth.FirebaseAuthRegistrar"
193-->[com.google.firebase:firebase-auth:23.2.1] AndroidManifest.xml:70:17-109
194                android:value="com.google.firebase.components.ComponentRegistrar" />
194-->[com.google.firebase:firebase-auth:23.2.1] AndroidManifest.xml:71:17-82
195            <meta-data
195-->[com.google.firebase:firebase-firestore:25.1.4] AndroidManifest.xml:17:13-19:85
196                android:name="com.google.firebase.components:com.google.firebase.firestore.FirebaseFirestoreKtxRegistrar"
196-->[com.google.firebase:firebase-firestore:25.1.4] AndroidManifest.xml:18:17-122
197                android:value="com.google.firebase.components.ComponentRegistrar" />
197-->[com.google.firebase:firebase-firestore:25.1.4] AndroidManifest.xml:19:17-82
198            <meta-data
198-->[com.google.firebase:firebase-firestore:25.1.4] AndroidManifest.xml:20:13-22:85
199                android:name="com.google.firebase.components:com.google.firebase.firestore.FirestoreRegistrar"
199-->[com.google.firebase:firebase-firestore:25.1.4] AndroidManifest.xml:21:17-111
200                android:value="com.google.firebase.components.ComponentRegistrar" />
200-->[com.google.firebase:firebase-firestore:25.1.4] AndroidManifest.xml:22:17-82
201            <meta-data
201-->[com.google.firebase:firebase-messaging:24.1.2] AndroidManifest.xml:57:13-59:85
202                android:name="com.google.firebase.components:com.google.firebase.messaging.FirebaseMessagingKtxRegistrar"
202-->[com.google.firebase:firebase-messaging:24.1.2] AndroidManifest.xml:58:17-122
203                android:value="com.google.firebase.components.ComponentRegistrar" />
203-->[com.google.firebase:firebase-messaging:24.1.2] AndroidManifest.xml:59:17-82
204            <meta-data
204-->[com.google.firebase:firebase-messaging:24.1.2] AndroidManifest.xml:60:13-62:85
205                android:name="com.google.firebase.components:com.google.firebase.messaging.FirebaseMessagingRegistrar"
205-->[com.google.firebase:firebase-messaging:24.1.2] AndroidManifest.xml:61:17-119
206                android:value="com.google.firebase.components.ComponentRegistrar" />
206-->[com.google.firebase:firebase-messaging:24.1.2] AndroidManifest.xml:62:17-82
207            <meta-data
207-->[com.google.firebase:firebase-storage:21.0.2] AndroidManifest.xml:30:13-32:85
208                android:name="com.google.firebase.components:com.google.firebase.storage.FirebaseStorageKtxRegistrar"
208-->[com.google.firebase:firebase-storage:21.0.2] AndroidManifest.xml:31:17-118
209                android:value="com.google.firebase.components.ComponentRegistrar" />
209-->[com.google.firebase:firebase-storage:21.0.2] AndroidManifest.xml:32:17-82
210            <meta-data
210-->[com.google.firebase:firebase-storage:21.0.2] AndroidManifest.xml:33:13-35:85
211                android:name="com.google.firebase.components:com.google.firebase.storage.StorageRegistrar"
211-->[com.google.firebase:firebase-storage:21.0.2] AndroidManifest.xml:34:17-107
212                android:value="com.google.firebase.components.ComponentRegistrar" />
212-->[com.google.firebase:firebase-storage:21.0.2] AndroidManifest.xml:35:17-82
213            <meta-data
213-->[com.google.firebase:firebase-installations:18.0.0] AndroidManifest.xml:15:13-17:85
214                android:name="com.google.firebase.components:com.google.firebase.installations.FirebaseInstallationsKtxRegistrar"
214-->[com.google.firebase:firebase-installations:18.0.0] AndroidManifest.xml:16:17-130
215                android:value="com.google.firebase.components.ComponentRegistrar" />
215-->[com.google.firebase:firebase-installations:18.0.0] AndroidManifest.xml:17:17-82
216            <meta-data
216-->[com.google.firebase:firebase-installations:18.0.0] AndroidManifest.xml:18:13-20:85
217                android:name="com.google.firebase.components:com.google.firebase.installations.FirebaseInstallationsRegistrar"
217-->[com.google.firebase:firebase-installations:18.0.0] AndroidManifest.xml:19:17-127
218                android:value="com.google.firebase.components.ComponentRegistrar" />
218-->[com.google.firebase:firebase-installations:18.0.0] AndroidManifest.xml:20:17-82
219            <meta-data
219-->[com.google.firebase:firebase-appcheck:18.0.0] AndroidManifest.xml:25:13-27:85
220                android:name="com.google.firebase.components:com.google.firebase.appcheck.FirebaseAppCheckKtxRegistrar"
220-->[com.google.firebase:firebase-appcheck:18.0.0] AndroidManifest.xml:26:17-120
221                android:value="com.google.firebase.components.ComponentRegistrar" />
221-->[com.google.firebase:firebase-appcheck:18.0.0] AndroidManifest.xml:27:17-82
222            <meta-data
222-->[com.google.firebase:firebase-appcheck:18.0.0] AndroidManifest.xml:28:13-30:85
223                android:name="com.google.firebase.components:com.google.firebase.appcheck.FirebaseAppCheckRegistrar"
223-->[com.google.firebase:firebase-appcheck:18.0.0] AndroidManifest.xml:29:17-117
224                android:value="com.google.firebase.components.ComponentRegistrar" />
224-->[com.google.firebase:firebase-appcheck:18.0.0] AndroidManifest.xml:30:17-82
225            <meta-data
225-->[com.google.firebase:firebase-common-ktx:21.0.0] AndroidManifest.xml:12:13-14:85
226                android:name="com.google.firebase.components:com.google.firebase.ktx.FirebaseCommonLegacyRegistrar"
226-->[com.google.firebase:firebase-common-ktx:21.0.0] AndroidManifest.xml:13:17-116
227                android:value="com.google.firebase.components.ComponentRegistrar" />
227-->[com.google.firebase:firebase-common-ktx:21.0.0] AndroidManifest.xml:14:17-82
228            <meta-data
228-->[com.google.firebase:firebase-common:21.0.0] AndroidManifest.xml:35:13-37:85
229                android:name="com.google.firebase.components:com.google.firebase.FirebaseCommonKtxRegistrar"
229-->[com.google.firebase:firebase-common:21.0.0] AndroidManifest.xml:36:17-109
230                android:value="com.google.firebase.components.ComponentRegistrar" />
230-->[com.google.firebase:firebase-common:21.0.0] AndroidManifest.xml:37:17-82
231            <meta-data
231-->[com.google.firebase:firebase-datatransport:18.2.0] AndroidManifest.xml:25:13-27:85
232                android:name="com.google.firebase.components:com.google.firebase.datatransport.TransportRegistrar"
232-->[com.google.firebase:firebase-datatransport:18.2.0] AndroidManifest.xml:26:17-115
233                android:value="com.google.firebase.components.ComponentRegistrar" />
233-->[com.google.firebase:firebase-datatransport:18.2.0] AndroidManifest.xml:27:17-82
234        </service>
235        <service
235-->[:firebase_messaging] AndroidManifest.xml:14:9-17:72
236            android:name="io.flutter.plugins.firebase.messaging.FlutterFirebaseMessagingBackgroundService"
236-->[:firebase_messaging] AndroidManifest.xml:15:13-107
237            android:exported="false"
237-->[:firebase_messaging] AndroidManifest.xml:16:13-37
238            android:permission="android.permission.BIND_JOB_SERVICE" />
238-->[:firebase_messaging] AndroidManifest.xml:17:13-69
239        <service
239-->[:firebase_messaging] AndroidManifest.xml:18:9-24:19
240            android:name="io.flutter.plugins.firebase.messaging.FlutterFirebaseMessagingService"
240-->[:firebase_messaging] AndroidManifest.xml:19:13-97
241            android:exported="false" >
241-->[:firebase_messaging] AndroidManifest.xml:20:13-37
242            <intent-filter>
242-->[:firebase_messaging] AndroidManifest.xml:21:13-23:29
243                <action android:name="com.google.firebase.MESSAGING_EVENT" />
243-->[:firebase_messaging] AndroidManifest.xml:22:17-78
243-->[:firebase_messaging] AndroidManifest.xml:22:25-75
244            </intent-filter>
245        </service>
246
247        <receiver
247-->[:firebase_messaging] AndroidManifest.xml:26:9-33:20
248            android:name="io.flutter.plugins.firebase.messaging.FlutterFirebaseMessagingReceiver"
248-->[:firebase_messaging] AndroidManifest.xml:27:13-98
249            android:exported="true"
249-->[:firebase_messaging] AndroidManifest.xml:28:13-36
250            android:permission="com.google.android.c2dm.permission.SEND" >
250-->[:firebase_messaging] AndroidManifest.xml:29:13-73
251            <intent-filter>
251-->[:firebase_messaging] AndroidManifest.xml:30:13-32:29
252                <action android:name="com.google.android.c2dm.intent.RECEIVE" />
252-->[:firebase_messaging] AndroidManifest.xml:31:17-81
252-->[:firebase_messaging] AndroidManifest.xml:31:25-78
253            </intent-filter>
254        </receiver>
255
256        <provider
256-->[:firebase_messaging] AndroidManifest.xml:41:9-45:38
257            android:name="io.flutter.plugins.firebase.messaging.FlutterFirebaseMessagingInitProvider"
257-->[:firebase_messaging] AndroidManifest.xml:42:13-102
258            android:authorities="com.example.watchhub.flutterfirebasemessaginginitprovider"
258-->[:firebase_messaging] AndroidManifest.xml:43:13-88
259            android:exported="false"
259-->[:firebase_messaging] AndroidManifest.xml:44:13-37
260            android:initOrder="99" />
260-->[:firebase_messaging] AndroidManifest.xml:45:13-35
261
262        <activity
262-->[com.google.firebase:firebase-auth:23.2.1] AndroidManifest.xml:29:9-46:20
263            android:name="com.google.firebase.auth.internal.GenericIdpActivity"
263-->[com.google.firebase:firebase-auth:23.2.1] AndroidManifest.xml:30:13-80
264            android:excludeFromRecents="true"
264-->[com.google.firebase:firebase-auth:23.2.1] AndroidManifest.xml:31:13-46
265            android:exported="true"
265-->[com.google.firebase:firebase-auth:23.2.1] AndroidManifest.xml:32:13-36
266            android:launchMode="singleTask"
266-->[com.google.firebase:firebase-auth:23.2.1] AndroidManifest.xml:33:13-44
267            android:theme="@android:style/Theme.Translucent.NoTitleBar" >
267-->[com.google.firebase:firebase-auth:23.2.1] AndroidManifest.xml:34:13-72
268            <intent-filter>
268-->[com.google.firebase:firebase-auth:23.2.1] AndroidManifest.xml:35:13-45:29
269                <action android:name="android.intent.action.VIEW" />
269-->[com.stripe:financial-connections:20.44.2] AndroidManifest.xml:14:13-65
269-->[com.stripe:financial-connections:20.44.2] AndroidManifest.xml:14:21-62
270
271                <category android:name="android.intent.category.DEFAULT" />
271-->[com.stripe:financial-connections:20.44.2] AndroidManifest.xml:28:17-76
271-->[com.stripe:financial-connections:20.44.2] AndroidManifest.xml:28:27-73
272                <category android:name="android.intent.category.BROWSABLE" />
272-->[com.stripe:financial-connections:20.44.2] AndroidManifest.xml:29:17-78
272-->[com.stripe:financial-connections:20.44.2] AndroidManifest.xml:29:27-75
273
274                <data
274-->src\main\AndroidManifest.xml:46:13-50
275                    android:host="firebase.auth"
276                    android:path="/"
277                    android:scheme="genericidp" />
278            </intent-filter>
279        </activity>
280        <activity
280-->[com.google.firebase:firebase-auth:23.2.1] AndroidManifest.xml:47:9-64:20
281            android:name="com.google.firebase.auth.internal.RecaptchaActivity"
281-->[com.google.firebase:firebase-auth:23.2.1] AndroidManifest.xml:48:13-79
282            android:excludeFromRecents="true"
282-->[com.google.firebase:firebase-auth:23.2.1] AndroidManifest.xml:49:13-46
283            android:exported="true"
283-->[com.google.firebase:firebase-auth:23.2.1] AndroidManifest.xml:50:13-36
284            android:launchMode="singleTask"
284-->[com.google.firebase:firebase-auth:23.2.1] AndroidManifest.xml:51:13-44
285            android:theme="@android:style/Theme.Translucent.NoTitleBar" >
285-->[com.google.firebase:firebase-auth:23.2.1] AndroidManifest.xml:52:13-72
286            <intent-filter>
286-->[com.google.firebase:firebase-auth:23.2.1] AndroidManifest.xml:53:13-63:29
287                <action android:name="android.intent.action.VIEW" />
287-->[com.stripe:financial-connections:20.44.2] AndroidManifest.xml:14:13-65
287-->[com.stripe:financial-connections:20.44.2] AndroidManifest.xml:14:21-62
288